JUnit version 4.11-SNAPSHOT-20120416-1530
.E.
Time: 0.031
There was 1 failure:
1) no_clash_when_no_overlap(PatientTest)
java.lang.AssertionError: expected:<0> but was:<-1>
	at PatientTest.no_clash_when_no_overlap(PatientTest.java:32)

FAILURES!!!
Tests run: 2,  Failures: 1

